This is Omegak, Version 3.141592-1.23.2.3 (Web2C 7.5.6)
 %&-line parsing enabled. (format=lambda 2013.9.25)
24 JUL 2014 00:24
Copyright (c) 1994--2000 John Plaice and Yannis Haralambous
**q
(/usr/share/texmf/tex/latex/tools/q.tex
LaTeX2e <2005/12/01>
Babel <v3.8h> and hyphenation patterns for english, dumylang, nohyphenation, lo
aded.
File ignored
)
! Emergency stop.
<*> q
     
*** (job aborted, no legal \end found)

 
Here is how much of Omega's memory you used:
 4 strings out of 128761
 114 string characters out of 1936573
 315026 words of memory out of 2000000
 0 multiletter control sequences out of 65536
14 fonts 14 hyphenation exceptions out of 8191
 5i,0n,1p,86b,7s stack positions out of 3000i,400n,600p,200000b,15000s
No pages of output.
